22:38:07: Creating resource group General
22:38:07: Creating resource group Internal
22:38:07: Creating resource group Autodetect
22:38:07: SceneManagerFactory for type 'DefaultSceneManager' registered.
22:38:07: Registering ResourceManager for type Material
22:38:07: Registering ResourceManager for type Mesh
22:38:07: Registering ResourceManager for type Skeleton
22:38:07: MovableObjectFactory for type 'ParticleSystem' registered.
22:38:07: OverlayElementFactory for type Panel registered.
22:38:07: OverlayElementFactory for type BorderPanel registered.
22:38:07: OverlayElementFactory for type TextArea registered.
22:38:07: Registering ResourceManager for type Font
22:38:07: ArchiveFactory for archive type FileSystem registered.
22:38:07: ArchiveFactory for archive type Zip registered.
22:38:07: ArchiveFactory for archive type EmbeddedZip registered.
22:38:07: DDS codec registering
22:38:07: FreeImage version: 3.15.1
22:38:07: This program uses FreeImage, a free, open source image library supporting all common bitmap formats. See http://freeimage.sourceforge.net for details
22:38:07: Supported formats: bmp,ico,jpg,jif,jpeg,jpe,jng,koa,iff,lbm,mng,pbm,pbm,pcd,pcx,pgm,pgm,png,ppm,ppm,ras,tga,targa,tif,tiff,wap,wbmp,wbm,psd,cut,xbm,xpm,gif,hdr,g3,sgi,exr,j2k,j2c,jp2,pfm,pct,pict,pic,3fr,arw,bay,bmq,cap,cine,cr2,crw,cs1,dc2,dcr,drf,dsc,dng,erf,fff,ia,iiq,k25,kc2,kdc,mdc,mef,mos,mrw,nef,nrw,orf,pef,ptx,pxn,qtk,raf,raw,rdc,rw2,rwl,rwz,sr2,srf,sti
22:38:07: Registering ResourceManager for type HighLevelGpuProgram
22:38:07: Registering ResourceManager for type Compositor
22:38:07: MovableObjectFactory for type 'Entity' registered.
22:38:07: MovableObjectFactory for type 'Light' registered.
22:38:07: MovableObjectFactory for type 'BillboardSet' registered.
22:38:07: MovableObjectFactory for type 'ManualObject' registered.
22:38:07: MovableObjectFactory for type 'BillboardChain' registered.
22:38:07: MovableObjectFactory for type 'RibbonTrail' registered.
22:38:07: *-*-* OGRE Initialising
22:38:07: *-*-* Version 1.8.1 (Byatis)
22:38:07: Loading library /usr/lib/x86_64-linux-gnu/OGRE-1.8.0/RenderSystem_GL
22:38:07: Installing plugin: GL RenderSystem
22:38:07: OpenGL Rendering Subsystem created.
22:38:07: Plugin successfully installed
22:38:07: Loading library /usr/lib/x86_64-linux-gnu/OGRE-1.8.0/Plugin_BSPSceneManager
22:38:07: Installing plugin: BSP Scene Manager
22:38:07: Plugin successfully installed
22:38:07: Loading library /usr/lib/x86_64-linux-gnu/OGRE-1.8.0/Plugin_PCZSceneManager
22:38:07: Installing plugin: Portal Connected Zone Scene Manager
22:38:07: PCZone Factory Type 'ZoneType_Default' registered
22:38:07: Plugin successfully installed
22:38:07: Loading library /usr/lib/x86_64-linux-gnu/OGRE-1.8.0/Plugin_OctreeZone
22:38:07: Installing plugin: Octree Zone Factory
22:38:07: Plugin successfully installed
22:38:07: Loading library /usr/lib/x86_64-linux-gnu/OGRE-1.8.0/Plugin_OctreeSceneManager
22:38:07: Installing plugin: Octree Scene Manager
22:38:07: Plugin successfully installed
22:38:07: Creating resource group Group
22:38:07: Added resource location '../Media' of type 'FileSystem' to resource group 'Group' with recursive option
22:38:07: OGRE EXCEPTION(6:FileNotFoundException): 'ogre.cfg' file not found! in ConfigFile::load at /build/buildd/ogre-1.8-1.8.1+dfsg/OgreMain/src/OgreConfigFile.cpp (line 88)
22:38:07: OGRE EXCEPTION(6:FileNotFoundException): 'ogre.cfg' file not found! in ConfigFile::load at /build/buildd/ogre-1.8-1.8.1+dfsg/OgreMain/src/OgreConfigFile.cpp (line 88)
22:38:19: OGRE EXCEPTION(1:InvalidStateException): Cannot initialise - no render system has been selected. in Root::initialise at /build/buildd/ogre-1.8-1.8.1+dfsg/OgreMain/src/OgreRoot.cpp (line 639)
