19:04:54: Creating resource group General
19:04:54: Creating resource group Internal
19:04:54: Creating resource group Autodetect
19:04:54: SceneManagerFactory for type 'DefaultSceneManager' registered.
19:04:54: Registering ResourceManager for type Material
19:04:54: Registering ResourceManager for type Mesh
19:04:54: Registering ResourceManager for type Skeleton
19:04:54: MovableObjectFactory for type 'ParticleSystem' registered.
19:04:54: OverlayElementFactory for type Panel registered.
19:04:54: OverlayElementFactory for type BorderPanel registered.
19:04:54: OverlayElementFactory for type TextArea registered.
19:04:54: Registering ResourceManager for type Font
19:04:54: ArchiveFactory for archive type FileSystem registered.
19:04:54: ArchiveFactory for archive type Zip registered.
19:04:54: ArchiveFactory for archive type EmbeddedZip registered.
19:04:54: DDS codec registering
19:04:54: FreeImage version: 3.15.1
19:04:54: This program uses FreeImage, a free, open source image library supporting all common bitmap formats. See http://freeimage.sourceforge.net for details
19:04:54: Supported formats: bmp,ico,jpg,jif,jpeg,jpe,jng,koa,iff,lbm,mng,pbm,pbm,pcd,pcx,pgm,pgm,png,ppm,ppm,ras,tga,targa,tif,tiff,wap,wbmp,wbm,psd,cut,xbm,xpm,gif,hdr,g3,sgi,exr,j2k,j2c,jp2,pfm,pct,pict,pic,3fr,arw,bay,bmq,cap,cine,cr2,crw,cs1,dc2,dcr,drf,dsc,dng,erf,fff,ia,iiq,k25,kc2,kdc,mdc,mef,mos,mrw,nef,nrw,orf,pef,ptx,pxn,qtk,raf,raw,rdc,rw2,rwl,rwz,sr2,srf,sti
19:04:54: Registering ResourceManager for type HighLevelGpuProgram
19:04:54: Registering ResourceManager for type Compositor
19:04:54: MovableObjectFactory for type 'Entity' registered.
19:04:54: MovableObjectFactory for type 'Light' registered.
19:04:54: MovableObjectFactory for type 'BillboardSet' registered.
19:04:54: MovableObjectFactory for type 'ManualObject' registered.
19:04:54: MovableObjectFactory for type 'BillboardChain' registered.
19:04:54: MovableObjectFactory for type 'RibbonTrail' registered.
19:04:54: *-*-* OGRE Initialising
19:04:54: *-*-* Version 1.8.1 (Byatis)
19:04:54: Loading library /usr/lib/x86_64-linux-gnu/OGRE-1.8.0/RenderSystem_GL
19:04:54: Installing plugin: GL RenderSystem
19:04:54: OpenGL Rendering Subsystem created.
19:04:54: Plugin successfully installed
19:04:54: Loading library /usr/lib/x86_64-linux-gnu/OGRE-1.8.0/Plugin_BSPSceneManager
19:04:54: Installing plugin: BSP Scene Manager
19:04:54: Plugin successfully installed
19:04:54: Loading library /usr/lib/x86_64-linux-gnu/OGRE-1.8.0/Plugin_PCZSceneManager
19:04:54: Installing plugin: Portal Connected Zone Scene Manager
19:04:54: PCZone Factory Type 'ZoneType_Default' registered
19:04:54: Plugin successfully installed
19:04:54: Loading library /usr/lib/x86_64-linux-gnu/OGRE-1.8.0/Plugin_OctreeZone
19:04:54: Installing plugin: Octree Zone Factory
19:04:54: Plugin successfully installed
19:04:54: Loading library /usr/lib/x86_64-linux-gnu/OGRE-1.8.0/Plugin_OctreeSceneManager
19:04:54: Installing plugin: Octree Scene Manager
19:04:54: Plugin successfully installed
19:04:54: Creating resource group Group
19:04:54: Added resource location '../Media' of type 'FileSystem' to resource group 'Group' with recursive option
19:04:54: CPU Identifier & Features
19:04:54: -------------------------
19:04:54:  *   CPU ID: GenuineIntel: Intel(R) Core(TM)2 Duo CPU     E8500  @ 3.16GHz
19:04:54:  *      SSE: yes
19:04:54:  *     SSE2: yes
19:04:54:  *     SSE3: yes
19:04:54:  *      MMX: yes
19:04:54:  *   MMXEXT: yes
19:04:54:  *    3DNOW: no
19:04:54:  * 3DNOWEXT: no
19:04:54:  *     CMOV: yes
19:04:54:  *      TSC: yes
19:04:54:  *      FPU: yes
19:04:54:  *      PRO: yes
19:04:54:  *       HT: no
19:04:54: -------------------------
19:04:54: ******************************
*** Starting GLX Subsystem ***
******************************
19:04:54: Registering ResourceManager for type Texture
19:04:54: GLRenderSystem::_createRenderWindow "My amazing simulation", 640x480 windowed  miscParams: FSAA=0 displayFrequency=60 Hz gamma=No vsync=No 
19:04:54: GLXWindow::create used FBConfigID = 97
19:04:54: GL_VERSION = 2.1 Mesa 9.2.1
19:04:54: GL_VENDOR = Intel Open Source Technology Center
19:04:54: GL_RENDERER = Mesa DRI Intel(R) Q45/Q43 
19:04:54: GL_EXTENSIONS = GL_ARB_multisample GL_EXT_abgr GL_EXT_bgra GL_EXT_blend_color GL_EXT_blend_minmax GL_EXT_blend_subtract GL_EXT_copy_texture GL_EXT_polygon_offset GL_EXT_subtexture GL_EXT_texture_object GL_EXT_vertex_array GL_EXT_compiled_vertex_array GL_EXT_texture GL_EXT_texture3D GL_IBM_rasterpos_clip GL_ARB_point_parameters GL_EXT_draw_range_elements GL_EXT_packed_pixels GL_EXT_point_parameters GL_EXT_rescale_normal GL_EXT_separate_specular_color GL_EXT_texture_edge_clamp GL_SGIS_generate_mipmap GL_SGIS_texture_border_clamp GL_SGIS_texture_edge_clamp GL_SGIS_texture_lod GL_ARB_framebuffer_sRGB GL_ARB_multitexture GL_EXT_framebuffer_sRGB GL_IBM_multimode_draw_arrays GL_IBM_texture_mirrored_repeat GL_3DFX_texture_compression_FXT1 GL_ARB_texture_cube_map GL_ARB_texture_env_add GL_ARB_transpose_matrix GL_EXT_blend_func_separate GL_EXT_fog_coord GL_EXT_multi_draw_arrays GL_EXT_secondary_color GL_EXT_texture_env_add GL_EXT_texture_filter_anisotropic GL_EXT_texture_lod_bias GL_INGR_blend_func_separate GL_NV_blend_square GL_NV_light_max_exponent GL_NV_texgen_reflection GL_NV_texture_env_combine4 GL_S3_s3tc GL_SUN_multi_draw_arrays GL_ARB_texture_border_clamp GL_ARB_texture_compression GL_EXT_framebuffer_object GL_EXT_texture_compression_s3tc GL_EXT_texture_env_combine GL_EXT_texture_env_dot3 GL_MESA_window_pos GL_NV_packed_depth_stencil GL_NV_texture_rectangle GL_ARB_depth_texture GL_ARB_occlusion_query GL_ARB_shadow GL_ARB_texture_env_combine GL_ARB_texture_env_crossbar GL_ARB_texture_env_dot3 GL_ARB_texture_mirrored_repeat GL_ARB_window_pos GL_ATI_envmap_bumpmap GL_EXT_stencil_two_side GL_EXT_texture_cube_map GL_NV_depth_clamp GL_APPLE_packed_pixels GL_APPLE_vertex_array_object GL_ARB_draw_buffers GL_ARB_fragment_program GL_ARB_fragment_shader GL_ARB_shader_objects GL_ARB_vertex_program GL_ARB_vertex_shader GL_ATI_draw_buffers GL_ATI_texture_env_combine3 GL_ATI_texture_float GL_EXT_shadow_funcs GL_EXT_stencil_wrap GL_MESA_pack_invert GL_MESA_ycbcr_texture GL_NV_primitive_restart GL_ARB_depth_clamp GL_ARB_fragment_program_shadow GL_ARB_half_float_pixel GL_ARB_occlusion_query2 GL_ARB_point_sprite GL_ARB_shading_language_100 GL_ARB_sync GL_ARB_texture_non_power_of_two GL_ARB_vertex_buffer_object GL_ATI_blend_equation_separate GL_EXT_blend_equation_separate GL_OES_read_format GL_ARB_color_buffer_float GL_ARB_pixel_buffer_object GL_ARB_texture_compression_rgtc GL_ARB_texture_float GL_ARB_texture_rectangle GL_EXT_packed_float GL_EXT_pixel_buffer_object GL_EXT_texture_compression_dxt1 GL_EXT_texture_compression_rgtc GL_EXT_texture_rectangle GL_EXT_texture_sRGB GL_EXT_texture_shared_exponent GL_ARB_framebuffer_object GL_EXT_framebuffer_blit GL_EXT_packed_depth_stencil GL_APPLE_object_purgeable GL_ARB_vertex_array_object GL_ATI_separate_stencil GL_EXT_draw_buffers2 GL_EXT_draw_instanced GL_EXT_gpu_program_parameters GL_EXT_texture_array GL_EXT_texture_integer GL_EXT_texture_sRGB_decode GL_OES_EGL_image GL_MESA_texture_array GL_ARB_copy_buffer GL_ARB_depth_buffer_float GL_ARB_draw_instanced GL_ARB_half_float_vertex GL_ARB_instanced_arrays GL_ARB_map_buffer_range GL_ARB_texture_rg GL_ARB_texture_swizzle GL_ARB_vertex_array_bgra GL_EXT_separate_shader_objects GL_EXT_texture_swizzle GL_EXT_vertex_array_bgra GL_NV_conditional_render GL_ARB_ES2_compatibility GL_ARB_debug_output GL_ARB_draw_elements_base_vertex GL_ARB_explicit_attrib_location GL_ARB_fragment_coord_conventions GL_ARB_provoking_vertex GL_ARB_sampler_objects GL_ARB_seamless_cube_map GL_ARB_shader_texture_lod GL_ARB_texture_rgb10_a2ui GL_ARB_vertex_type_2_10_10_10_rev GL_EXT_provoking_vertex GL_EXT_texture_snorm GL_MESA_texture_signed_rgba GL_ARB_get_program_binary GL_ARB_robustness GL_ARB_shader_bit_encoding GL_ANGLE_texture_compression_dxt3 GL_ANGLE_texture_compression_dxt5 GL_ARB_internalformat_query GL_ARB_texture_storage GL_ARB_invalidate_subdata 
19:04:54: Supported GLX extensions: GLX_ARB_create_context GLX_ARB_create_context_profile GLX_ARB_get_proc_address GLX_ARB_multisample GLX_EXT_import_context GLX_EXT_visual_info GLX_EXT_visual_rating GLX_EXT_create_context_es2_profile GLX_MESA_copy_sub_buffer GLX_MESA_multithread_makecurrent GLX_MESA_swap_control GLX_OML_swap_method GLX_OML_sync_control GLX_SGI_make_current_read GLX_SGI_swap_control GLX_SGI_video_sync GLX_SGIS_multisample GLX_SGIX_fbconfig GLX_SGIX_pbuffer GLX_SGIX_visual_select_group GLX_EXT_texture_from_pixmap GLX_INTEL_swap_event 
19:04:54: ***************************
19:04:54: *** GL Renderer Started ***
19:04:54: ***************************
19:04:54: Registering ResourceManager for type GpuProgram
19:04:54: GLSL support detected
19:04:54: GL: Using GL_EXT_framebuffer_object for rendering to textures (best)
19:04:54: FBO PF_UNKNOWN depth/stencil support: D0S1 D0S4 D0S8 D0S16 D16S0 D24S0 D32S0 Packed-D24S8 
19:04:54: FBO PF_A8 depth/stencil support: D0S0 D0S1 D0S4 D0S8 D0S16 D16S0 D24S0 D32S0 Packed-D24S8 
19:04:54: FBO PF_R5G6B5 depth/stencil support: D0S0 D0S1 D0S4 D0S8 D0S16 D16S0 D24S0 D32S0 Packed-D24S8 
19:04:54: FBO PF_B5G6R5 depth/stencil support: D0S0 D0S1 D0S4 D0S8 D0S16 D16S0 D24S0 D32S0 Packed-D24S8 
19:04:54: FBO PF_A4R4G4B4 depth/stencil support: D0S0 D0S1 D0S4 D0S8 D0S16 D16S0 D24S0 D32S0 Packed-D24S8 
19:04:54: FBO PF_A1R5G5B5 depth/stencil support: D0S0 D0S1 D0S4 D0S8 D0S16 D16S0 D24S0 D32S0 Packed-D24S8 
19:04:54: FBO PF_R8G8B8 depth/stencil support: D0S0 D0S1 D0S4 D0S8 D0S16 D16S0 D24S0 D32S0 Packed-D24S8 
19:04:54: FBO PF_B8G8R8 depth/stencil support: D0S0 D0S1 D0S4 D0S8 D0S16 D16S0 D24S0 D32S0 Packed-D24S8 
19:04:54: FBO PF_A8R8G8B8 depth/stencil support: D0S0 D0S1 D0S4 D0S8 D0S16 D16S0 D24S0 D32S0 Packed-D24S8 
19:04:54: FBO PF_B8G8R8A8 depth/stencil support: D0S0 D0S1 D0S4 D0S8 D0S16 D16S0 D24S0 D32S0 Packed-D24S8 
19:04:54: FBO PF_A2R10G10B10 depth/stencil support: D0S0 D0S1 D0S4 D0S8 D0S16 D16S0 D24S0 D32S0 Packed-D24S8 
19:04:54: FBO PF_A2B10G10R10 depth/stencil support: D0S0 D0S1 D0S4 D0S8 D0S16 D16S0 D24S0 D32S0 Packed-D24S8 
19:04:54: FBO PF_FLOAT16_RGBA depth/stencil support: D0S0 D0S1 D0S4 D0S8 D0S16 D16S0 D24S0 D32S0 Packed-D24S8 
19:04:54: FBO PF_FLOAT32_RGB depth/stencil support: D0S0 D0S1 D0S4 D0S8 D0S16 D16S0 D24S0 D32S0 Packed-D24S8 
19:04:54: FBO PF_FLOAT32_RGBA depth/stencil support: D0S0 D0S1 D0S4 D0S8 D0S16 D16S0 D24S0 D32S0 Packed-D24S8 
19:04:54: FBO PF_X8R8G8B8 depth/stencil support: D0S0 D0S1 D0S4 D0S8 D0S16 D16S0 D24S0 D32S0 Packed-D24S8 
19:04:54: FBO PF_X8B8G8R8 depth/stencil support: D0S0 D0S1 D0S4 D0S8 D0S16 D16S0 D24S0 D32S0 Packed-D24S8 
19:04:54: FBO PF_SHORT_RGBA depth/stencil support: D0S0 D0S1 D0S4 D0S8 D0S16 D16S0 D24S0 D32S0 Packed-D24S8 
19:04:54: FBO PF_R3G3B2 depth/stencil support: D0S0 D0S1 D0S4 D0S8 D0S16 D16S0 D24S0 D32S0 Packed-D24S8 
19:04:54: FBO PF_FLOAT16_R depth/stencil support: D0S0 D0S1 D0S4 D0S8 D0S16 D16S0 D24S0 D32S0 Packed-D24S8 
19:04:54: FBO PF_FLOAT32_R depth/stencil support: D0S0 D0S1 D0S4 D0S8 D0S16 D16S0 D24S0 D32S0 Packed-D24S8 
19:04:54: [GL] : Valid FBO targets PF_UNKNOWN PF_A8 PF_R5G6B5 PF_B5G6R5 PF_A4R4G4B4 PF_A1R5G5B5 PF_R8G8B8 PF_B8G8R8 PF_A8R8G8B8 PF_B8G8R8A8 PF_A2R10G10B10 PF_A2B10G10R10 PF_FLOAT16_RGBA PF_FLOAT32_RGB PF_FLOAT32_RGBA PF_X8R8G8B8 PF_X8B8G8R8 PF_SHORT_RGBA PF_R3G3B2 PF_FLOAT16_R PF_FLOAT32_R 
19:04:54: RenderSystem capabilities
19:04:54: -------------------------
19:04:54: RenderSystem Name: OpenGL Rendering Subsystem
19:04:54: GPU Vendor: intel
19:04:54: Device Name: Mesa DRI Intel(R) Q45/Q43 
19:04:54: Driver Version: 2.1.0.0
19:04:54:  * Fixed function pipeline: yes
19:04:54:  * Hardware generation of mipmaps: no
19:04:54:  * Texture blending: yes
19:04:54:  * Anisotropic texture filtering: yes
19:04:54:  * Dot product texture operation: yes
19:04:54:  * Cube mapping: yes
19:04:54:  * Hardware stencil buffer: yes
19:04:54:    - Stencil depth: 8
19:04:54:    - Two sided stencil support: yes
19:04:54:    - Wrap stencil values: yes
19:04:54:  * Hardware vertex / index buffers: yes
19:04:54:  * Vertex programs: yes
19:04:54:  * Number of floating-point constants for vertex programs: 4096
19:04:54:  * Number of integer constants for vertex programs: 0
19:04:54:  * Number of boolean constants for vertex programs: 0
19:04:54:  * Fragment programs: yes
19:04:54:  * Number of floating-point constants for fragment programs: 4096
19:04:54:  * Number of integer constants for fragment programs: 0
19:04:54:  * Number of boolean constants for fragment programs: 0
19:04:54:  * Geometry programs: no
19:04:54:  * Number of floating-point constants for geometry programs: 0
19:04:54:  * Number of integer constants for geometry programs: 0
19:04:54:  * Number of boolean constants for geometry programs: 0
19:04:54:  * Supported Shader Profiles: arbfp1 arbvp1 glsl
19:04:54:  * Texture Compression: yes
19:04:54:    - DXT: yes
19:04:54:    - VTC: no
19:04:54:    - PVRTC: no
19:04:54:  * Scissor Rectangle: yes
19:04:54:  * Hardware Occlusion Query: yes
19:04:54:  * User clip planes: yes
19:04:54:  * VET_UBYTE4 vertex element type: yes
19:04:54:  * Infinite far plane projection: yes
19:04:54:  * Hardware render-to-texture: yes
19:04:54:  * Floating point textures: yes
19:04:54:  * Non-power-of-two textures: yes
19:04:54:  * Volume textures: yes
19:04:54:  * Multiple Render Targets: 8
19:04:54:    - With different bit depths: yes
19:04:54:  * Point Sprites: yes
19:04:54:  * Extended point parameters: yes
19:04:54:  * Max Point Size: 255
19:04:54:  * Vertex texture fetch: yes
19:04:54:  * Number of world matrices: 0
19:04:54:  * Number of texture units: 16
19:04:54:  * Stencil buffer depth: 8
19:04:54:  * Number of vertex blend matrices: 0
19:04:54:    - Max vertex textures: 16
19:04:54:    - Vertex textures shared: yes
19:04:54:  * Render to Vertex Buffer : no
19:04:54:  * GL 1.5 without VBO workaround: no
19:04:54:  * Frame Buffer objects: yes
19:04:54:  * Frame Buffer objects (ARB extension): no
19:04:54:  * Frame Buffer objects (ATI extension): no
19:04:54:  * PBuffer support: yes
19:04:54:  * GL 1.5 without HW-occlusion workaround: no
19:04:54:  * Separate shader objects: no
19:04:54: DefaultWorkQueue('Root') initialising on thread 7f4b11fdd800.
19:04:54: Particle Renderer Type 'billboard' registered
19:04:54: SceneManagerFactory for type 'BspSceneManager' registered.
19:04:54: Registering ResourceManager for type BspLevel
19:04:54: SceneManagerFactory for type 'PCZSceneManager' registered.
19:04:54: MovableObjectFactory for type 'PCZLight' registered.
19:04:54: MovableObjectFactory for type 'Portal' registered.
19:04:54: MovableObjectFactory for type 'AntiPortal' registered.
19:04:54: PCZone Factory Type 'ZoneType_Octree' registered
19:04:54: SceneManagerFactory for type 'OctreeSceneManager' registered.
19:04:54: Parsing scripts for resource group Autodetect
19:04:54: Finished parsing scripts for resource group Autodetect
19:04:54: Creating resources for group Autodetect
19:04:54: All done
19:04:54: Parsing scripts for resource group General
19:04:54: Finished parsing scripts for resource group General
19:04:54: Creating resources for group General
19:04:54: All done
19:04:54: Parsing scripts for resource group Group
19:04:54: Finished parsing scripts for resource group Group
19:04:54: Creating resources for group Group
19:04:54: All done
19:04:54: Parsing scripts for resource group Internal
19:04:54: Finished parsing scripts for resource group Internal
19:04:54: Creating resources for group Internal
19:04:54: All done
19:04:54: Can't assign material Ogre/Earring to SubEntity of Ogre/MO2 because this Material does not exist. Have you forgotten to define it in a .material script?
19:04:54: DefaultWorkQueue('Root')::WorkerFunc - thread 7f4b05c02700 starting.
19:04:54: Can't assign material Ogre/Earring to SubEntity of Ogre/MO4 because this Material does not exist. Have you forgotten to define it in a .material script?
19:04:54: DefaultWorkQueue('Root')::WorkerFunc - thread 7f4b06403700 starting.
19:04:54: Can't assign material Ogre/Earring to SubEntity of Ogre/MO6 because this Material does not exist. Have you forgotten to define it in a .material script?
19:04:54: Can't assign material Ogre/Earring to SubEntity of Ogre/MO8 because this Material does not exist. Have you forgotten to define it in a .material script?
19:04:54: Can't assign material Ogre/Earring to SubEntity of Ogre/MO10 because this Material does not exist. Have you forgotten to define it in a .material script?
19:04:54: Can't assign material Ogre/Earring to SubEntity of Ogre/MO12 because this Material does not exist. Have you forgotten to define it in a .material script?
19:04:54: Can't assign material Ogre/Earring to SubEntity of Ogre/MO14 because this Material does not exist. Have you forgotten to define it in a .material script?
19:04:54: Can't assign material Ogre/Earring to SubEntity of Ogre/MO16 because this Material does not exist. Have you forgotten to define it in a .material script?
19:04:54: Can't assign material Ogre/Earring to SubEntity of Ogre/MO18 because this Material does not exist. Have you forgotten to define it in a .material script?
19:04:54: Can't assign material Ogre/Earring to SubEntity of Ogre/MO20 because this Material does not exist. Have you forgotten to define it in a .material script?
19:04:54: Can't assign material Ogre/Earring to SubEntity of Ogre/MO22 because this Material does not exist. Have you forgotten to define it in a .material script?
19:04:54: Can't assign material Ogre/Earring to SubEntity of Ogre/MO24 because this Material does not exist. Have you forgotten to define it in a .material script?
19:04:54: Can't assign material Ogre/Earring to SubEntity of Ogre/MO26 because this Material does not exist. Have you forgotten to define it in a .material script?
19:04:54: Can't assign material Ogre/Earring to SubEntity of Ogre/MO28 because this Material does not exist. Have you forgotten to define it in a .material script?
19:04:54: Can't assign material Ogre/Earring to SubEntity of Ogre/MO30 because this Material does not exist. Have you forgotten to define it in a .material script?
19:04:54: Can't assign material Ogre/Earring to SubEntity of Ogre/MO32 because this Material does not exist. Have you forgotten to define it in a .material script?
19:04:54: Can't assign material Ogre/Earring to SubEntity of Ogre/MO34 because this Material does not exist. Have you forgotten to define it in a .material script?
19:04:54: Can't assign material Ogre/Earring to SubEntity of Ogre/MO36 because this Material does not exist. Have you forgotten to define it in a .material script?
